<?xml version="1.0" encoding="UTF-8"?>
<testsuite name="com.cstan18.skyrimalchemycalculatorouterapi.SkyrimAlchemyCalculatorOuterApiApplicationTests" tests="1" skipped="0" failures="0" errors="0" timestamp="2024-06-14T14:32:56" hostname="CSTAN" time="0.699">
  <properties/>
  <testcase name="contextLoads()" classname="com.cstan18.skyrimalchemycalculatorouterapi.SkyrimAlchemyCalculatorOuterApiApplicationTests" time="0.699"/>
  <system-out><![CDATA[09:32:45.306 [Test worker] INFO org.springframework.test.context.support.AnnotationConfigContextLoaderUtils -- Could not detect default configuration classes for test class [com.cstan18.skyrimalchemycalculatorouterapi.SkyrimAlchemyCalculatorOuterApiApplicationTests]: SkyrimAlchemyCalculatorOuterApiApplicationTests does not declare any static, non-private, non-final, nested classes annotated with @Configuration.
09:32:45.502 [Test worker] INFO org.springframework.boot.test.context.SpringBootTestContextBootstrapper -- Found @SpringBootConfiguration com.cstan18.skyrimalchemycalculatorouterapi.SkyrimAlchemyCalculatorOuterApiApplication for test class com.cstan18.skyrimalchemycalculatorouterapi.SkyrimAlchemyCalculatorOuterApiApplicationTests

  .   ____          _            __ _ _
 /\\ / ___'_ __ _ _(_)_ __  __ _ \ \ \ \
( ( )\___ | '_ | '_| | '_ \/ _` | \ \ \ \
 \\/  ___)| |_)| | | | | || (_| |  ) ) ) )
  '  |____| .__|_| |_|_| |_\__, | / / / /
 =========|_|==============|___/=/_/_/_/
 :: Spring Boot ::                (v3.2.4)

2024-06-14T09:32:46.268-05:00  INFO 20068 --- [    Test worker] lchemyCalculatorOuterApiApplicationTests : Starting SkyrimAlchemyCalculatorOuterApiApplicationTests using Java 17.0.8 with PID 20068 (started by caleb in C:\Users\caleb\OneDrive\Desktop\projects\skyrim-alchemy-calculator\repos\skyrim-alchemy-calculator-outer-api)
2024-06-14T09:32:46.276-05:00  INFO 20068 --- [    Test worker] lchemyCalculatorOuterApiApplicationTests : The following 1 profile is active: "dev"
2024-06-14T09:32:48.057-05:00  INFO 20068 --- [    Test worker] .s.d.r.c.RepositoryConfigurationDelegate : Bootstrapping Spring Data JPA repositories in DEFAULT mode.
2024-06-14T09:32:48.204-05:00  INFO 20068 --- [    Test worker] .s.d.r.c.RepositoryConfigurationDelegate : Finished Spring Data repository scanning in 135 ms. Found 2 JPA repository interfaces.
2024-06-14T09:32:49.098-05:00  INFO 20068 --- [    Test worker] o.hibernate.jpa.internal.util.LogHelper  : HHH000204: Processing PersistenceUnitInfo [name: default]
2024-06-14T09:32:49.253-05:00  INFO 20068 --- [    Test worker] org.hibernate.Version                    : HHH000412: Hibernate ORM core version 6.4.4.Final
2024-06-14T09:32:49.383-05:00  INFO 20068 --- [    Test worker] o.h.c.internal.RegionFactoryInitiator    : HHH000026: Second-level cache disabled
2024-06-14T09:32:49.787-05:00  INFO 20068 --- [    Test worker] o.s.o.j.p.SpringPersistenceUnitInfo      : No LoadTimeWeaver setup: ignoring JPA class transformer
2024-06-14T09:32:49.875-05:00  INFO 20068 --- [    Test worker] com.zaxxer.hikari.HikariDataSource       : HikariPool-1 - Starting...
2024-06-14T09:32:50.209-05:00  INFO 20068 --- [    Test worker] com.zaxxer.hikari.pool.HikariPool        : HikariPool-1 - Added connection org.postgresql.jdbc.PgConnection@6d842877
2024-06-14T09:32:50.212-05:00  INFO 20068 --- [    Test worker] com.zaxxer.hikari.HikariDataSource       : HikariPool-1 - Start completed.
2024-06-14T09:32:50.284-05:00  WARN 20068 --- [    Test worker] org.hibernate.orm.deprecation            : HHH90000025: PostgreSQLDialect does not need to be specified explicitly using 'hibernate.dialect' (remove the property setting and it will be selected by default)
2024-06-14T09:32:51.553-05:00  INFO 20068 --- [    Test worker] o.h.e.t.j.p.i.JtaPlatformInitiator       : HHH000489: No JTA platform available (set 'hibernate.transaction.jta.platform' to enable JTA platform integration)
2024-06-14T09:32:51.818-05:00  INFO 20068 --- [    Test worker] j.LocalContainerEntityManagerFactoryBean : Initialized JPA EntityManagerFactory for persistence unit 'default'
2024-06-14T09:32:52.457-05:00  INFO 20068 --- [    Test worker] o.s.d.j.r.query.QueryEnhancerFactory     : Hibernate is in classpath; If applicable, HQL parser will be used.
2024-06-14T09:32:54.099-05:00  WARN 20068 --- [    Test worker] JpaBaseConfiguration$JpaWebConfiguration : spring.jpa.open-in-view is enabled by default. Therefore, database queries may be performed during view rendering. Explicitly configure spring.jpa.open-in-view to disable this warning
2024-06-14T09:32:56.171-05:00  INFO 20068 --- [    Test worker] lchemyCalculatorOuterApiApplicationTests : Started SkyrimAlchemyCalculatorOuterApiApplicationTests in 10.446 seconds (process running for 12.428)
]]></system-out>
  <system-err><![CDATA[]]></system-err>
</testsuite>
